<?xml version="1.0" encoding="UTF-8"?>
<!-- Generated by org.testng.reporters.JUnitXMLReporter -->
<testsuite ignored="0" hostname="Vijays-MacBook-Pro.local" failures="0" tests="4" name="Default test" time="0.051" errors="0" timestamp="2022-02-04T00:51:46 CST">
  <testcase classname="com.testNg.testNGAnnotations" name="Test4" time="0.004"/>
  <testcase classname="com.testNg.testNGAnnotations" name="test1" time="0.002"/>
  <testcase classname="com.testNg.testNGAnnotations" name="test2" time="0.001"/>
  <testcase classname="com.testNg.testNGAnnotations" name="test3" time="0.003"/>
</testsuite> <!-- Default test -->
