<?xml version="1.0" encoding="UTF-8"?>
<testng-results ignored="0" total="4" passed="4" failed="0" skipped="0">
  <reporter-output>
  </reporter-output>
  <suite started-at="2022-02-08T19:44:16 CST" name="Suite" finished-at="2022-02-08T19:44:16 CST" duration-ms="53">
    <groups>
    </groups>
    <test started-at="2022-02-08T19:44:16 CST" name="Test" finished-at="2022-02-08T19:44:16 CST" duration-ms="53">
      <class name="com.testNg.testNGAnnotations">
        <test-method is-config="true" signature="beforeSuite()[pri:0, instance:com.testNg.testNGAnnotations@272ed83b]" started-at="2022-02-08T19:44:16 CST" name="beforeSuite" finished-at="2022-02-08T19:44:16 CST" duration-ms="6" status="PASS">
          <reporter-output>
          </reporter-output>
        </test-method> <!-- beforeSuite -->
        <test-method is-config="true" signature="beforeTest()[pri:0, instance:com.testNg.testNGAnnotations@272ed83b]" started-at="2022-02-08T19:44:16 CST" name="beforeTest" finished-at="2022-02-08T19:44:16 CST" duration-ms="0" status="PASS">
          <reporter-output>
          </reporter-output>
        </test-method> <!-- beforeTest -->
        <test-method is-config="true" signature="beforeClass()[pri:0, instance:com.testNg.testNGAnnotations@272ed83b]" started-at="2022-02-08T19:44:16 CST" name="beforeClass" finished-at="2022-02-08T19:44:16 CST" duration-ms="0" status="PASS">
          <reporter-output>
          </reporter-output>
        </test-method> <!-- beforeClass -->
        <test-method is-config="true" signature="beforeMethod()[pri:0, instance:com.testNg.testNGAnnotations@272ed83b]" started-at="2022-02-08T19:44:16 CST" name="beforeMethod" finished-at="2022-02-08T19:44:16 CST" duration-ms="0" status="PASS">
          <reporter-output>
          </reporter-output>
        </test-method> <!-- beforeMethod -->
        <test-method signature="Test4()[pri:0, instance:com.testNg.testNGAnnotations@272ed83b]" started-at="2022-02-08T19:44:16 CST" name="Test4" finished-at="2022-02-08T19:44:16 CST" duration-ms="4" status="PASS">
          <reporter-output>
          </reporter-output>
        </test-method> <!-- Test4 -->
        <test-method is-config="true" signature="afterMethod()[pri:0, instance:com.testNg.testNGAnnotations@272ed83b]" started-at="2022-02-08T19:44:16 CST" name="afterMethod" finished-at="2022-02-08T19:44:16 CST" duration-ms="1" status="PASS">
          <reporter-output>
          </reporter-output>
        </test-method> <!-- afterMethod -->
        <test-method is-config="true" signature="beforeMethod()[pri:0, instance:com.testNg.testNGAnnotations@272ed83b]" started-at="2022-02-08T19:44:16 CST" name="beforeMethod" finished-at="2022-02-08T19:44:16 CST" duration-ms="1" status="PASS">
          <reporter-output>
          </reporter-output>
        </test-method> <!-- beforeMethod -->
        <test-method signature="test1()[pri:0, instance:com.testNg.testNGAnnotations@272ed83b]" started-at="2022-02-08T19:44:16 CST" name="test1" finished-at="2022-02-08T19:44:16 CST" duration-ms="3" status="PASS">
          <reporter-output>
          </reporter-output>
        </test-method> <!-- test1 -->
        <test-method is-config="true" signature="afterMethod()[pri:0, instance:com.testNg.testNGAnnotations@272ed83b]" started-at="2022-02-08T19:44:16 CST" name="afterMethod" finished-at="2022-02-08T19:44:16 CST" duration-ms="1" status="PASS">
          <reporter-output>
          </reporter-output>
        </test-method> <!-- afterMethod -->
        <test-method is-config="true" signature="beforeMethod()[pri:0, instance:com.testNg.testNGAnnotations@272ed83b]" started-at="2022-02-08T19:44:16 CST" name="beforeMethod" finished-at="2022-02-08T19:44:16 CST" duration-ms="1" status="PASS">
          <reporter-output>
          </reporter-output>
        </test-method> <!-- beforeMethod -->
        <test-method signature="test2()[pri:0, instance:com.testNg.testNGAnnotations@272ed83b]" started-at="2022-02-08T19:44:16 CST" name="test2" finished-at="2022-02-08T19:44:16 CST" duration-ms="1" status="PASS">
          <reporter-output>
          </reporter-output>
        </test-method> <!-- test2 -->
        <test-method is-config="true" signature="afterMethod()[pri:0, instance:com.testNg.testNGAnnotations@272ed83b]" started-at="2022-02-08T19:44:16 CST" name="afterMethod" finished-at="2022-02-08T19:44:16 CST" duration-ms="0" status="PASS">
          <reporter-output>
          </reporter-output>
        </test-method> <!-- afterMethod -->
        <test-method is-config="true" signature="beforeMethod()[pri:0, instance:com.testNg.testNGAnnotations@272ed83b]" started-at="2022-02-08T19:44:16 CST" name="beforeMethod" finished-at="2022-02-08T19:44:16 CST" duration-ms="0" status="PASS">
          <reporter-output>
          </reporter-output>
        </test-method> <!-- beforeMethod -->
        <test-method signature="test3()[pri:0, instance:com.testNg.testNGAnnotations@272ed83b]" started-at="2022-02-08T19:44:16 CST" name="test3" finished-at="2022-02-08T19:44:16 CST" duration-ms="1" status="PASS">
          <reporter-output>
          </reporter-output>
        </test-method> <!-- test3 -->
        <test-method is-config="true" signature="afterMethod()[pri:0, instance:com.testNg.testNGAnnotations@272ed83b]" started-at="2022-02-08T19:44:16 CST" name="afterMethod" finished-at="2022-02-08T19:44:16 CST" duration-ms="1" status="PASS">
          <reporter-output>
          </reporter-output>
        </test-method> <!-- afterMethod -->
        <test-method is-config="true" signature="afterClass()[pri:0, instance:com.testNg.testNGAnnotations@272ed83b]" started-at="2022-02-08T19:44:16 CST" name="afterClass" finished-at="2022-02-08T19:44:16 CST" duration-ms="1" status="PASS">
          <reporter-output>
          </reporter-output>
        </test-method> <!-- afterClass -->
        <test-method is-config="true" signature="afterTest()[pri:0, instance:com.testNg.testNGAnnotations@272ed83b]" started-at="2022-02-08T19:44:16 CST" name="afterTest" finished-at="2022-02-08T19:44:16 CST" duration-ms="1" status="PASS">
          <reporter-output>
          </reporter-output>
        </test-method> <!-- afterTest -->
        <test-method is-config="true" signature="afterSuite()[pri:0, instance:com.testNg.testNGAnnotations@272ed83b]" started-at="2022-02-08T19:44:16 CST" name="afterSuite" finished-at="2022-02-08T19:44:16 CST" duration-ms="1" status="PASS">
          <reporter-output>
          </reporter-output>
        </test-method> <!-- afterSuite -->
      </class> <!-- com.testNg.testNGAnnotations -->
    </test> <!-- Test -->
  </suite> <!-- Suite -->
</testng-results>
